<?xml version="1.0" encoding="UTF-8"?>
<!-- Generated by org.testng.reporters.JUnitXMLReporter -->
<testsuite hostname="WinDev1905Eval" ignored="0" name="EliminarFoodTruckEdge" tests="1" failures="1" timestamp="26 Jun 2019 06:34:45 GMT" time="35.331" errors="0">
  <testcase name="insertarfoodTruck" time="0.131" classname="com.FT.test.system.selenium.testcase.EliminarFoodTruck">
    <failure type="java.lang.AssertionError" message="Error: The specified window could not be found.
Build info: version: &amp;apos;3.14.0&amp;apos;, revision: &amp;apos;aacccce0&amp;apos;, time: &amp;apos;2018-08-02T20:19:58.91Z&amp;apos;
System info: host: &amp;apos;WINDEV1905EVAL&amp;apos;, ip: &amp;apos;10.0.2.15&amp;apos;, os.name: &amp;apos;Windows 10&amp;apos;, os.arch: &amp;apos;amd64&amp;apos;, os.version: &amp;apos;10.0&amp;apos;, java.version: &amp;apos;1.8.0_211&amp;apos;
Driver info: org.openqa.selenium.edge.EdgeDriver
Capabilities {acceptInsecureCerts: false, browserName: MicrosoftEdge, browserVersion: 44.17763.1.0, javascriptEnabled: true, pageLoadStrategy: normal, platform: WINDOWS, platformName: WINDOWS, proxy: Proxy(), setWindowRect: false, timeouts: {implicit: 0, pageLoad: 300000, script: 30000}}
Session ID: C418F258-9717-491A-ADEC-002B0AC4B820">
      <![CDATA[java.lang.AssertionError: Error: The specified window could not be found.
Build info: version: '3.14.0', revision: 'aacccce0', time: '2018-08-02T20:19:58.91Z'
System info: host: 'WINDEV1905EVAL', ip: '10.0.2.15', os.name: 'Windows 10', os.arch: 'amd64', os.version: '10.0', java.version: '1.8.0_211'
Driver info: org.openqa.selenium.edge.EdgeDriver
Capabilities {acceptInsecureCerts: false, browserName: MicrosoftEdge, browserVersion: 44.17763.1.0, javascriptEnabled: true, pageLoadStrategy: normal, platform: WINDOWS, platformName: WINDOWS, proxy: Proxy(), setWindowRect: false, timeouts: {implicit: 0, pageLoad: 300000, script: 30000}}
Session ID: C418F258-9717-491A-ADEC-002B0AC4B820
at com.FT.test.system.selenium.testcase.EliminarFoodTruck.insertarfoodTruck(EliminarFoodTruck.java:72)
... Removed 26 stack frames]]>
    </failure>
  </testcase> <!-- insertarfoodTruck -->
</testsuite> <!-- EliminarFoodTruckEdge -->
