<?xml version="1.0" encoding="UTF-8"?>
<!-- Generated by org.testng.reporters.JUnitXMLReporter -->
<testsuite hostname="WinDev1905Eval" ignored="0" name="InsertarFoodTruckEdger" tests="1" failures="1" timestamp="26 Jun 2019 06:23:27 GMT" time="3.573" errors="0">
  <testcase name="insertarfoodTruck" time="0.234" classname="com.FT.test.system.selenium.testcase.InsertarFoodTruck">
    <failure type="java.lang.AssertionError" message="Error: The specified window could not be found.
Build info: version: &amp;apos;3.14.0&amp;apos;, revision: &amp;apos;aacccce0&amp;apos;, time: &amp;apos;2018-08-02T20:19:58.91Z&amp;apos;
System info: host: &amp;apos;WINDEV1905EVAL&amp;apos;, ip: &amp;apos;10.0.2.15&amp;apos;, os.name: &amp;apos;Windows 10&amp;apos;, os.arch: &amp;apos;amd64&amp;apos;, os.version: &amp;apos;10.0&amp;apos;, java.version: &amp;apos;1.8.0_211&amp;apos;
Driver info: org.openqa.selenium.edge.EdgeDriver
Capabilities {acceptInsecureCerts: false, browserName: MicrosoftEdge, browserVersion: 44.17763.1.0, javascriptEnabled: true, pageLoadStrategy: normal, platform: WINDOWS, platformName: WINDOWS, proxy: Proxy(), setWindowRect: false, timeouts: {implicit: 0, pageLoad: 300000, script: 30000}}
Session ID: 419A8DE3-B1A1-42E7-90F6-4A75BE3FD9EE">
      <![CDATA[java.lang.AssertionError: Error: The specified window could not be found.
Build info: version: '3.14.0', revision: 'aacccce0', time: '2018-08-02T20:19:58.91Z'
System info: host: 'WINDEV1905EVAL', ip: '10.0.2.15', os.name: 'Windows 10', os.arch: 'amd64', os.version: '10.0', java.version: '1.8.0_211'
Driver info: org.openqa.selenium.edge.EdgeDriver
Capabilities {acceptInsecureCerts: false, browserName: MicrosoftEdge, browserVersion: 44.17763.1.0, javascriptEnabled: true, pageLoadStrategy: normal, platform: WINDOWS, platformName: WINDOWS, proxy: Proxy(), setWindowRect: false, timeouts: {implicit: 0, pageLoad: 300000, script: 30000}}
Session ID: 419A8DE3-B1A1-42E7-90F6-4A75BE3FD9EE
at com.FT.test.system.selenium.testcase.InsertarFoodTruck.insertarfoodTruck(InsertarFoodTruck.java:83)
... Removed 26 stack frames]]>
    </failure>
  </testcase> <!-- insertarfoodTruck -->
</testsuite> <!-- InsertarFoodTruckEdger -->
